This is XeTeX, Version 3.14159265-2.6-0.999992 (TeX Live 2020/W32TeX) (preloaded format=xelatex 2020.9.3)  16 SEP 2020 15:07
entering extended mode
 \write18 enabled.
 file:line:error style messages enabled.
 %&-line parsing enabled.
**c:/Users/joshu/Github/ClassRepositories/Computational-Economics-MGSC-532/Assignments/Assignment1/LaTex/PoF_writeup.tex
(c:/Users/joshu/Github/ClassRepositories/Computational-Economics-MGSC-532/Assignments/Assignment1/LaTex/PoF_writeup.tex
LaTeX2e <2020-02-02> patch level 5
L3 programming layer <2020-08-07> (c:/Users/joshu/AppData/Roaming/TinyTeX/texmf-dist/tex/latex/base/article.cls
Document Class: article 2019/12/20 v1.4l Standard LaTeX document class
(c:/Users/joshu/AppData/Roaming/TinyTeX/texmf-dist/tex/latex/base/size10.clo
File: size10.clo 2019/12/20 v1.4l Standard LaTeX file (size option)
)
\c@part=\count164
\c@section=\count165
\c@subsection=\count166
\c@subsubsection=\count167
\c@paragraph=\count168
\c@subparagraph=\count169
\c@figure=\count170
\c@table=\count171
\abovecaptionskip=\skip47
\belowcaptionskip=\skip48
\bibindent=\dimen134
) (c:/Users/joshu/AppData/Roaming/TinyTeX/texmf-dist/tex/latex/graphics/graphicx.sty
Package: graphicx 2019/11/30 v1.2a Enhanced LaTeX Graphics (DPC,SPQR)
 (c:/Users/joshu/AppData/Roaming/TinyTeX/texmf-dist/tex/latex/graphics/keyval.sty
Package: keyval 2014/10/28 v1.15 key=value parser (DPC)
\KV@toks@=\toks15
) (c:/Users/joshu/AppData/Roaming/TinyTeX/texmf-dist/tex/latex/graphics/graphics.sty
Package: graphics 2019/11/30 v1.4a Standard LaTeX Graphics (DPC,SPQR)
 (c:/Users/joshu/AppData/Roaming/TinyTeX/texmf-dist/tex/latex/graphics/trig.sty
Package: trig 2016/01/03 v1.10 sin cos tan (DPC)
) (c:/Users/joshu/AppData/Roaming/TinyTeX/texmf-dist/tex/latex/graphics-cfg/graphics.cfg
File: graphics.cfg 2016/06/04 v1.11 sample graphics configuration
)
Package graphics Info: Driver file: xetex.def on input line 105.
 (c:/Users/joshu/AppData/Roaming/TinyTeX/texmf-dist/tex/latex/graphics-def/xetex.def
File: xetex.def 2020/08/26 v5.0i Graphics/color driver for xetex
))
\Gin@req@height=\dimen135
\Gin@req@width=\dimen136
) (c:/Users/joshu/AppData/Roaming/TinyTeX/texmf-dist/tex/latex/amsmath/amsmath.sty
Package: amsmath 2020/01/20 v2.17e AMS math features
\@mathmargin=\skip49

For additional information on amsmath, use the `?' option.
(c:/Users/joshu/AppData/Roaming/TinyTeX/texmf-dist/tex/latex/amsmath/amstext.sty
Package: amstext 2000/06/29 v2.01 AMS text
 (c:/Users/joshu/AppData/Roaming/TinyTeX/texmf-dist/tex/latex/amsmath/amsgen.sty
File: amsgen.sty 1999/11/30 v2.0 generic functions
\@emptytoks=\toks16
\ex@=\dimen137
)) (c:/Users/joshu/AppData/Roaming/TinyTeX/texmf-dist/tex/latex/amsmath/amsbsy.sty
Package: amsbsy 1999/11/29 v1.2d Bold Symbols
\pmbraise@=\dimen138
) (c:/Users/joshu/AppData/Roaming/TinyTeX/texmf-dist/tex/latex/amsmath/amsopn.sty
Package: amsopn 2016/03/08 v2.02 operator names
)
\inf@bad=\count172
LaTeX Info: Redefining \frac on input line 227.
\uproot@=\count173
\leftroot@=\count174
LaTeX Info: Redefining \overline on input line 389.
\classnum@=\count175
\DOTSCASE@=\count176
LaTeX Info: Redefining \ldots on input line 486.
LaTeX Info: Redefining \dots on input line 489.
LaTeX Info: Redefining \cdots on input line 610.
\Mathstrutbox@=\box45
\strutbox@=\box46
\big@size=\dimen139
LaTeX Font Info:    Redeclaring font encoding OML on input line 733.
LaTeX Font Info:    Redeclaring font encoding OMS on input line 734.
\macc@depth=\count177
\c@MaxMatrixCols=\count178
\dotsspace@=\muskip16
\c@parentequation=\count179
\dspbrk@lvl=\count180
\tag@help=\toks17
\row@=\count181
\column@=\count182
\maxfields@=\count183
\andhelp@=\toks18
\eqnshift@=\dimen140
\alignsep@=\dimen141
\tagshift@=\dimen142
\tagwidth@=\dimen143
\totwidth@=\dimen144
\lineht@=\dimen145
\@envbody=\toks19
\multlinegap=\skip50
\multlinetaggap=\skip51
\mathdisplay@stack=\toks20
LaTeX Info: Redefining \[ on input line 2859.
LaTeX Info: Redefining \] on input line 2860.
) (c:/Users/joshu/AppData/Roaming/TinyTeX/texmf-dist/tex/latex/l3backend/l3backend-xdvipdfmx.def
File: l3backend-xdvipdfmx.def 2020-08-07 L3 backend support: xdvipdfmx
\g__graphics_track_int=\count184
\l__pdf_internal_box=\box47
\g__pdf_backend_object_int=\count185
\g__pdf_backend_annotation_int=\count186
) (c:/Users/joshu/Github/ClassRepositories/Computational-Economics-MGSC-532/Assignments/Assignment1/LaTex/PoF_writeup.aux)
\openout1 = `PoF_writeup.aux'.

LaTeX Font Info:    Checking defaults for OML/cmm/m/it on input line 5.
LaTeX Font Info:    ... okay on input line 5.
LaTeX Font Info:    Checking defaults for OMS/cmsy/m/n on input line 5.
LaTeX Font Info:    ... okay on input line 5.
LaTeX Font Info:    Checking defaults for OT1/cmr/m/n on input line 5.
LaTeX Font Info:    ... okay on input line 5.
LaTeX Font Info:    Checking defaults for T1/cmr/m/n on input line 5.
LaTeX Font Info:    ... okay on input line 5.
LaTeX Font Info:    Checking defaults for TS1/cmr/m/n on input line 5.
LaTeX Font Info:    Trying to load font information for TS1+cmr on input line 5.
 (c:/Users/joshu/AppData/Roaming/TinyTeX/texmf-dist/tex/latex/base/ts1cmr.fd
File: ts1cmr.fd 2019/12/16 v2.5j Standard LaTeX font definitions
)
LaTeX Font Info:    ... okay on input line 5.
LaTeX Font Info:    Checking defaults for TU/lmr/m/n on input line 5.
LaTeX Font Info:    ... okay on input line 5.
LaTeX Font Info:    Checking defaults for OMX/cmex/m/n on input line 5.
LaTeX Font Info:    ... okay on input line 5.
LaTeX Font Info:    Checking defaults for U/cmr/m/n on input line 5.
LaTeX Font Info:    ... okay on input line 5.

Overfull \hbox (0.2603pt too wide) detected at line 37
\OML/cmm/m/it/10 P\OT1/cmr/m/n/10 (\OML/cmm/m/it/10 everyflush\OT1/cmr/m/n/10 ) = [] = [] = [] = 0\OML/cmm/m/it/10 :\OT1/cmr/m/n/10 00198
 []


Overfull \hbox (5.1812pt too wide) detected at line 57
\OML/cmm/m/it/10 P\OT1/cmr/m/n/10 (\OML/cmm/m/it/10 straightflush\OT1/cmr/m/n/10 ) = [] = [] = [] = 1\OML/cmm/m/it/10 :\OT1/cmr/m/n/10 385\OML/cmm/m/it/10 e[]
 []


Underfull \hbox (badness 10000) in paragraph at lines 80--82

 []

[1

] (c:/Users/joshu/Github/ClassRepositories/Computational-Economics-MGSC-532/Assignments/Assignment1/LaTex/PoF_writeup.aux) ) 
Here is how much of TeX's memory you used:
 1452 strings out of 481691
 22048 string characters out of 5931918
 262999 words of memory out of 5000000
 18588 multiletter control sequences out of 15000+600000
 538976 words of font info for 46 fonts, out of 8000000 for 9000
 14 hyphenation exceptions out of 8191
 36i,9n,33p,311b,186s stack positions out of 5000i,500n,10000p,200000b,80000s

Output written on c:/Users/joshu/Github/ClassRepositories/Computational-Economics-MGSC-532/Assignments/Assignment1/LaTex/PoF_writeup.xdv (1 page, 5552 bytes).
